[2014-08-06 23:53:29] alias_create_exceute
alias_create_exceute () 
{ 
    for _path in "$rvm_rubies_path" "$rvm_environments_path" "$rvm_wrappers_path";
    do
        if [[ -L "$_path/$alias_name" ]]; then
            \rm -fv "$_path/$alias_name" || return $?;
        fi;
        \ln -fs "$_path/$rvm_ruby_string" "$_path/$alias_name" || return $?;
    done;
    __rvm_db_ "$rvm_path/config/alias" "$alias_name" "$rvm_ruby_string"
}
current path: /home/aniss
GEM_HOME=/home/aniss/.rvm/gems/ruby-1.9.3-p547
PATH=/home/aniss/.rvm/gems/ruby-1.9.3-p547/bin:/home/aniss/.rvm/gems/ruby-1.9.3-p547@global/bin:/home/aniss/.rvm/rubies/ruby-1.9.3-p547/bin:/home/aniss/.rvm/bin:/home/aniss/.rbenv/shims:/home/aniss/.rbenv/bin:/usr/local/sbin:/usr/local/bin:/usr/sbin:/usr/bin:/sbin:/bin:/usr/games
GEM_PATH=/home/aniss/.rvm/gems/ruby-1.9.3-p547:/home/aniss/.rvm/gems/ruby-1.9.3-p547@global
command(1): alias_create_exceute
+ for _path in '"$rvm_rubies_path"' '"$rvm_environments_path"' '"$rvm_wrappers_path"'
+ [[ -L /home/aniss/.rvm/rubies/default ]]
+ ln -fs /home/aniss/.rvm/rubies/ruby-1.9.3-p547 /home/aniss/.rvm/rubies/default
+ for _path in '"$rvm_rubies_path"' '"$rvm_environments_path"' '"$rvm_wrappers_path"'
+ [[ -L /home/aniss/.rvm/environments/default ]]
+ ln -fs /home/aniss/.rvm/environments/ruby-1.9.3-p547 /home/aniss/.rvm/environments/default
+ for _path in '"$rvm_rubies_path"' '"$rvm_environments_path"' '"$rvm_wrappers_path"'
+ [[ -L /home/aniss/.rvm/wrappers/default ]]
+ ln -fs /home/aniss/.rvm/wrappers/ruby-1.9.3-p547 /home/aniss/.rvm/wrappers/default
+ __rvm_db_ /home/aniss/.rvm/config/alias default ruby-1.9.3-p547
+ typeset __db __key __value
+ __db=/home/aniss/.rvm/config/alias
+ __key=default
+ shift 2
+ __value=ruby-1.9.3-p547
+ case "${__value}" in
+ __rvm_db_add /home/aniss/.rvm/config/alias default ruby-1.9.3-p547
+ typeset __dir=/home/aniss/.rvm/config
+ [[ -f /home/aniss/.rvm/config/alias ]]
+ __rvm_db_remove /home/aniss/.rvm/config/alias default
+ [[ -f /home/aniss/.rvm/config/alias ]]
+ __rvm_sed -e '\#^default=# d' -e '/^$/d' /home/aniss/.rvm/config/alias
+ sed -e '\#^default=# d' -e '/^$/d' /home/aniss/.rvm/config/alias
+ mv -f /home/aniss/.rvm/config/alias.new /home/aniss/.rvm/config/alias
+ printf '%b=%b\n' default ruby-1.9.3-p547
